#
# There is insufficient memory for the Java Runtime Environment to continue.
# Native memory allocation (malloc) failed to allocate 12 bytes for AllocateHeap
# Possible reasons:
#   The system is out of physical RAM or swap space
#   In 32 bit mode, the process size limit was hit
# Possible solutions:
#   Reduce memory load on the system
#   Increase physical memory or swap space
#   Check if swap backing store is full
#   Use 64 bit Java on a 64 bit OS
#   Decrease Java heap size (-Xmx/-Xms)
#   Decrease number of Java threads
#   Decrease Java thread stack sizes (-Xss)
#   Set larger code cache with -XX:ReservedCodeCacheSize=
# This output file may be truncated or incomplete.
#
#  Out of Memory Error (memory/allocation.inline.hpp:61), pid=53196, tid=0x0000bf2c
#
# JRE version: Java(TM) SE Runtime Environment (8.0_144-b01) (build 1.8.0_144-b01)
# Java VM: Java HotSpot(TM) Client VM (25.144-b01 mixed mode windows-x86 )
# Failed to write core dump. Minidumps are not enabled by default on client versions of Windows
#

---------------  T H R E A D  ---------------

Current thread (0x48018000):  VMThread [stack: 0x487c0000,0x48810000] [id=48940]

Stack: [0x487c0000,0x48810000],  sp=0x4880eff4,  free space=315k
Native frames: (J=compiled Java code, j=interpreted, Vv=VM code, C=native code)
V  [jvm.dll+0x1aa78b]
V  [jvm.dll+0x1a2fd8]
V  [jvm.dll+0x24f5f3]
V  [jvm.dll+0x24fb85]
V  [jvm.dll+0x24fc5a]
V  [jvm.dll+0x258ccd]
V  [jvm.dll+0x6781e]
V  [jvm.dll+0x252aa2]
V  [jvm.dll+0x252ae9]
V  [jvm.dll+0x5f309]
V  [jvm.dll+0x255893]
V  [jvm.dll+0x255b50]
V  [jvm.dll+0x2703f5]
V  [jvm.dll+0x1828f1]
V  [jvm.dll+0x182d07]
V  [jvm.dll+0x182f02]
V  [jvm.dll+0x1c2ec6]
C  [msvcr100.dll+0x5c556]
C  [msvcr100.dll+0x5c600]
C  [KERNEL32.DLL+0x18484]
C  [ntdll.dll+0x63ab8]
C  [ntdll.dll+0x63a88]

VM_Operation (0x4ba9f4d4): G1CollectFull, mode: safepoint, requested by thread 0x4a5ce800


---------------  P R O C E S S  ---------------

Java Threads: ( => current thread )
  0x4a5cf000 JavaThread "Worker-3" [_thread_blocked, id=36572, stack(0x4c260000,0x4c2b0000)]
  0x4a5cd400 JavaThread "pool-1-thread-1" [_thread_in_native, id=48260, stack(0x4bce0000,0x4bd30000)]
  0x4a5ce800 JavaThread "pool-2-thread-1" [_thread_blocked, id=30972, stack(0x4ba50000,0x4baa0000)]
  0x4a2f7000 JavaThread "Bundle File Closer" daemon [_thread_blocked, id=49608, stack(0x4b3c0000,0x4b410000)]
  0x4a234c00 JavaThread "Java indexing" daemon [_thread_blocked, id=25176, stack(0x4b230000,0x4b280000)]
  0x49429c00 JavaThread "Worker-1" [_thread_blocked, id=14308, stack(0x49f40000,0x49f90000)]
  0x493d0800 JavaThread "Worker-JM" [_thread_blocked, id=49448, stack(0x49c20000,0x49c70000)]
  0x4817e000 JavaThread "Start Level: Equinox Container: b8e6d19e-9f8b-498c-ba21-826602e3dccb" daemon [_thread_blocked, id=41048, stack(0x49990000,0x499e0000)]
  0x48177c00 JavaThread "Framework Event Dispatcher: Equinox Container: b8e6d19e-9f8b-498c-ba21-826602e3dccb" daemon [_thread_blocked, id=45936, stack(0x49900000,0x49950000)]
  0x48177400 JavaThread "Refresh Thread: Equinox Container: b8e6d19e-9f8b-498c-ba21-826602e3dccb" daemon [_thread_blocked, id=87260, stack(0x49870000,0x498c0000)]
  0x48f2e000 JavaThread "Active Thread: Equinox Container: b8e6d19e-9f8b-498c-ba21-826602e3dccb" [_thread_blocked, id=7580, stack(0x497e0000,0x49830000)]
  0x480adc00 JavaThread "Service Thread" daemon [_thread_blocked, id=86952, stack(0x48c20000,0x48c70000)]
  0x48082800 JavaThread "C1 CompilerThread0" daemon [_thread_blocked, id=36276, stack(0x48b90000,0x48be0000)]
  0x48082000 JavaThread "Attach Listener" daemon [_thread_blocked, id=86924, stack(0x48b00000,0x48b50000)]
  0x48081c00 JavaThread "Signal Dispatcher" daemon [_thread_blocked, id=78156, stack(0x48a70000,0x48ac0000)]
  0x48081400 JavaThread "Surrogate Locker Thread (Concurrent GC)" daemon [_thread_blocked, id=19820, stack(0x489e0000,0x48a30000)]
  0x48019000 JavaThread "Finalizer" daemon [_thread_blocked, id=45584, stack(0x488e0000,0x48930000)]
  0x48018800 JavaThread "Reference Handler" daemon [_thread_blocked, id=35404, stack(0x48850000,0x488a0000)]
  0x0286dc00 JavaThread "main" [_thread_blocked, id=88876, stack(0x02370000,0x023c0000)]

Other Threads:
=>0x48018000 VMThread [stack: 0x487c0000,0x48810000] [id=48940]
  0x4811c800 WatcherThread [stack: 0x48cb0000,0x48d00000] [id=48452]

VM state:at safepoint (normal execution)

VM Mutex/Monitor currently owned by a thread:  ([mutex/lock_event])
[0x0286c260] Threads_lock - owner thread: 0x48018000
[0x0286c0c0] Heap_lock - owner thread: 0x4a5ce800

Heap:
 garbage-first heap   total 59392K, used 17672K [0x05400000, 0x055000e8, 0x45400000)
  region size 1024K, 0 young (0K), 0 survivors (0K)
 Metaspace       used 24935K, capacity 26015K, committed 26240K, reserved 27008K

Heap Regions: (Y=young(eden), SU=young(survivor), HS=humongous(starts), HC=humongous(continues), CS=collection set, F=free, TS=gc time stamp, PTAMS=previous top-at-mark-start, NTAMS=next top-at-mark-start)
AC   0  O    TS     0 PTAMS 0x05400000 NTAMS 0x05400000 space 1024K, 100% used [0x05400000, 0x05500000)
AC   0  O    TS     0 PTAMS 0x05500000 NTAMS 0x05500000 space 1024K,  99% used [0x05500000, 0x05600000)
AC   0  O    TS     0 PTAMS 0x05600000 NTAMS 0x05600000 space 1024K,  99% used [0x05600000, 0x05700000)
AC   0  O    TS     0 PTAMS 0x05700000 NTAMS 0x05700000 space 1024K,  98% used [0x05700000, 0x05800000)
AC   0  O    TS     0 PTAMS 0x05800000 NTAMS 0x05800000 space 1024K,  99% used [0x05800000, 0x05900000)
AC   0  O    TS     0 PTAMS 0x05900000 NTAMS 0x05900000 space 1024K, 100% used [0x05900000, 0x05a00000)
AC   0  O    TS     0 PTAMS 0x05a00000 NTAMS 0x05a00000 space 1024K, 100% used [0x05a00000, 0x05b00000)
AC   0  O    TS     0 PTAMS 0x05b00000 NTAMS 0x05b00000 space 1024K,  99% used [0x05b00000, 0x05c00000)
AC   0  O    TS     0 PTAMS 0x05c00000 NTAMS 0x05c00000 space 1024K,  99% used [0x05c00000, 0x05d00000)
AC   0  O    TS     0 PTAMS 0x05d00000 NTAMS 0x05d00000 space 1024K,  99% used [0x05d00000, 0x05e00000)
AC   0  O    TS     0 PTAMS 0x05e00000 NTAMS 0x05e00000 space 1024K,  99% used [0x05e00000, 0x05f00000)
AC   0  O    TS     0 PTAMS 0x05f00000 NTAMS 0x05f00000 space 1024K,  99% used [0x05f00000, 0x06000000)
AC   0  O    TS     0 PTAMS 0x06000000 NTAMS 0x06000000 space 1024K,  99% used [0x06000000, 0x06100000)
AC   0  O    TS     0 PTAMS 0x06100000 NTAMS 0x06100000 space 1024K,  99% used [0x06100000, 0x06200000)
AC   0  O    TS     0 PTAMS 0x06200000 NTAMS 0x06200000 space 1024K,  99% used [0x06200000, 0x06300000)
AC   0  O    TS     0 PTAMS 0x06300000 NTAMS 0x06300000 space 1024K,  99% used [0x06300000, 0x06400000)
AC   0  O    TS     0 PTAMS 0x06400000 NTAMS 0x06400000 space 1024K,  99% used [0x06400000, 0x06500000)
AC   0  O    TS     0 PTAMS 0x06500000 NTAMS 0x06500000 space 1024K,  28% used [0x06500000, 0x06600000)
AC   0  F    TS     0 PTAMS 0x06600000 NTAMS 0x06600000 space 1024K,   0% used [0x06600000, 0x06700000)
AC   0  F    TS     0 PTAMS 0x06700000 NTAMS 0x06700000 space 1024K,   0% used [0x06700000, 0x06800000)
AC   0  F    TS     0 PTAMS 0x06800000 NTAMS 0x06800000 space 1024K,   0% used [0x06800000, 0x06900000)
AC   0  F    TS     0 PTAMS 0x06900000 NTAMS 0x06900000 space 1024K,   0% used [0x06900000, 0x06a00000)
AC   0  F    TS     0 PTAMS 0x06a00000 NTAMS 0x06a00000 space 1024K,   0% used [0x06a00000, 0x06b00000)
AC   0  F    TS     0 PTAMS 0x06b00000 NTAMS 0x06b00000 space 1024K,   0% used [0x06b00000, 0x06c00000)
AC   0  F    TS     0 PTAMS 0x06c00000 NTAMS 0x06c00000 space 1024K,   0% used [0x06c00000, 0x06d00000)
AC   0  F    TS     0 PTAMS 0x06d00000 NTAMS 0x06d00000 space 1024K,   0% used [0x06d00000, 0x06e00000)
AC   0  F    TS     0 PTAMS 0x06e00000 NTAMS 0x06e00000 space 1024K,   0% used [0x06e00000, 0x06f00000)
AC   0  F    TS     0 PTAMS 0x06f00000 NTAMS 0x06f00000 space 1024K,   0% used [0x06f00000, 0x07000000)
AC   0  F    TS     0 PTAMS 0x07000000 NTAMS 0x07000000 space 1024K,   0% used [0x07000000, 0x07100000)
AC   0  F    TS     0 PTAMS 0x07100000 NTAMS 0x07100000 space 1024K,   0% used [0x07100000, 0x07200000)
AC   0  F    TS     0 PTAMS 0x07200000 NTAMS 0x07200000 space 1024K,   0% used [0x07200000, 0x07300000)
AC   0  F    TS     0 PTAMS 0x07300000 NTAMS 0x07300000 space 1024K,   0% used [0x07300000, 0x07400000)
AC   0  F    TS     0 PTAMS 0x07400000 NTAMS 0x07400000 space 1024K,   0% used [0x07400000, 0x07500000)
AC   0  F    TS     0 PTAMS 0x07500000 NTAMS 0x07500000 space 1024K,   0% used [0x07500000, 0x07600000)
AC   0  F    TS     0 PTAMS 0x07600000 NTAMS 0x07600000 space 1024K,   0% used [0x07600000, 0x07700000)
AC   0  F    TS     0 PTAMS 0x07700000 NTAMS 0x07700000 space 1024K,   0% used [0x07700000, 0x07800000)
AC   0  F    TS     0 PTAMS 0x07800000 NTAMS 0x07800000 space 1024K,   0% used [0x07800000, 0x07900000)
AC   0  F    TS     0 PTAMS 0x07900000 NTAMS 0x07900000 space 1024K,   0% used [0x07900000, 0x07a00000)
AC   0  F    TS     0 PTAMS 0x07a00000 NTAMS 0x07a00000 space 1024K,   0% used [0x07a00000, 0x07b00000)
AC   0  F    TS     0 PTAMS 0x07b00000 NTAMS 0x07b00000 space 1024K,   0% used [0x07b00000, 0x07c00000)
AC   0  F    TS     0 PTAMS 0x07c00000 NTAMS 0x07c00000 space 1024K,   0% used [0x07c00000, 0x07d00000)
AC   0  F    TS     0 PTAMS 0x07d00000 NTAMS 0x07d00000 space 1024K,   0% used [0x07d00000, 0x07e00000)
AC   0  F    TS     0 PTAMS 0x07e00000 NTAMS 0x07e00000 space 1024K,   0% used [0x07e00000, 0x07f00000)
AC   0  F    TS     0 PTAMS 0x07f00000 NTAMS 0x07f00000 space 1024K,   0% used [0x07f00000, 0x08000000)
AC   0  F    TS     0 PTAMS 0x08000000 NTAMS 0x08000000 space 1024K,   0% used [0x08000000, 0x08100000)
AC   0  F    TS     0 PTAMS 0x08100000 NTAMS 0x08100000 space 1024K,   0% used [0x08100000, 0x08200000)
AC   0  F    TS     0 PTAMS 0x08200000 NTAMS 0x08200000 space 1024K,   0% used [0x08200000, 0x08300000)
AC   0  F    TS     0 PTAMS 0x08300000 NTAMS 0x08300000 space 1024K,   0% used [0x08300000, 0x08400000)
AC   0  F    TS     0 PTAMS 0x08400000 NTAMS 0x08400000 space 1024K,   0% used [0x08400000, 0x08500000)
AC   0  F    TS     0 PTAMS 0x08500000 NTAMS 0x08500000 space 1024K,   0% used [0x08500000, 0x08600000)
AC   0  F    TS     0 PTAMS 0x08600000 NTAMS 0x08600000 space 1024K,   0% used [0x08600000, 0x08700000)
AC   0  F    TS     0 PTAMS 0x08700000 NTAMS 0x08700000 space 1024K,   0% used [0x08700000, 0x08800000)
AC   0  F    TS     0 PTAMS 0x08800000 NTAMS 0x08800000 space 1024K,   0% used [0x08800000, 0x08900000)
AC   0  F    TS     0 PTAMS 0x08900000 NTAMS 0x08900000 space 1024K,   0% used [0x08900000, 0x08a00000)
AC   0  F    TS     0 PTAMS 0x08a00000 NTAMS 0x08a00000 space 1024K,   0% used [0x08a00000, 0x08b00000)
AC   0  F    TS     0 PTAMS 0x08b00000 NTAMS 0x08b00000 space 1024K,   0% used [0x08b00000, 0x08c00000)
AC   0  F    TS     0 PTAMS 0x08c00000 NTAMS 0x08c00000 space 1024K,   0% used [0x08c00000, 0x08d00000)
AC   0  F    TS     0 PTAMS 0x08d00000 NTAMS 0x08d00000 space 1024K,   0% used [0x08d00000, 0x08e00000)

Card table byte_map: [0x45800000,0x45a00000] byte_map_base: 0x457d6000

Marking Bits (Prev, Next): (CMBitMap*) 0x029165e4, (CMBitMap*) 0x029165b8
 Prev Bits: [0x46c00000, 0x47c00000)
 Next Bits: [0x45c00000, 0x46c00000)

Polling page: 0x00950000

CodeCache: size=32768Kb used=4130Kb max_used=4240Kb free=28637Kb
 bounds [0x02970000, 0x02d98000, 0x04970000]
 total_blobs=2195 nmethods=1988 adapters=137
 compilation: enabled

Compilation events (10 events):
Event: 107778.922 Thread 0x48082800 2102   !         org.eclipse.core.internal.jobs.JobListeners::doNotify (112 bytes)
Event: 107778.923 Thread 0x48082800 nmethod 2102 0x02d936c8 code [0x02d93840, 0x02d93c88]
Event: 111379.222 Thread 0x48082800 2103             java.util.HashMap$HashIterator::nextNode (100 bytes)
Event: 111379.223 Thread 0x48082800 nmethod 2103 0x02d94048 code [0x02d94180, 0x02d94438]
Event: 123980.036 Thread 0x48082800 2104             sun.security.provider.ByteArrayAccess::i2bBig (204 bytes)
Event: 123980.037 Thread 0x48082800 nmethod 2104 0x02d94608 code [0x02d94710, 0x02d948cc]
Event: 151282.289 Thread 0x48082800 2105             org.eclipse.core.internal.dtree.DeltaDataTree::storeStrings (31 bytes)
Event: 151282.289 Thread 0x48082800 nmethod 2105 0x02d94a48 code [0x02d94b50, 0x02d94c1c]
Event: 214467.588 Thread 0x48082800 2106   !         org.eclipse.core.internal.jobs.JobManager::nextJob (301 bytes)
Event: 214467.591 Thread 0x48082800 nmethod 2106 0x02a13248 code [0x02a13510, 0x02a1449c]

GC Heap History (10 events):
Event: 218971.314 GC heap after
Heap after GC invocations=21215 (full 21165):
 garbage-first heap   total 59392K, used 17672K [0x05400000, 0x055000e8, 0x45400000)
  region size 1024K, 0 young (0K), 0 survivors (0K)
 Metaspace       used 24935K, capacity 26015K, committed 26240K, reserved 27008K
}
Event: 218981.477 GC heap before
{Heap before GC invocations=21215 (full 21165):
 garbage-first heap   total 59392K, used 17672K [0x05400000, 0x055000e8, 0x45400000)
  region size 1024K, 1 young (1024K), 0 survivors (0K)
 Metaspace       used 24935K, capacity 26015K, committed 26240K, reserved 27008K
Event: 218981.726 GC heap after
Heap after GC invocations=21216 (full 21166):
 garbage-first heap   total 59392K, used 17672K [0x05400000, 0x055000e8, 0x45400000)
  region size 1024K, 0 young (0K), 0 survivors (0K)
 Metaspace       used 24935K, capacity 26015K, committed 26240K, reserved 27008K
}
Event: 218991.883 GC heap before
{Heap before GC invocations=21216 (full 21166):
 garbage-first heap   total 59392K, used 17672K [0x05400000, 0x055000e8, 0x45400000)
  region size 1024K, 1 young (1024K), 0 survivors (0K)
 Metaspace       used 24935K, capacity 26015K, committed 26240K, reserved 27008K
Event: 218992.123 GC heap after
Heap after GC invocations=21217 (full 21167):
 garbage-first heap   total 59392K, used 17672K [0x05400000, 0x055000e8, 0x45400000)
  region size 1024K, 0 young (0K), 0 survivors (0K)
 Metaspace       used 24935K, capacity 26015K, committed 26240K, reserved 27008K
}
Event: 219002.284 GC heap before
{Heap before GC invocations=21217 (full 21167):
 garbage-first heap   total 59392K, used 17672K [0x05400000, 0x055000e8, 0x45400000)
  region size 1024K, 1 young (1024K), 0 survivors (0K)
 Metaspace       used 24935K, capacity 26015K, committed 26240K, reserved 27008K
Event: 219002.542 GC heap after
Heap after GC invocations=21218 (full 21168):
 garbage-first heap   total 59392K, used 17672K [0x05400000, 0x055000e8, 0x45400000)
  region size 1024K, 0 young (0K), 0 survivors (0K)
 Metaspace       used 24935K, capacity 26015K, committed 26240K, reserved 27008K
}
Event: 219012.715 GC heap before
{Heap before GC invocations=21218 (full 21168):
 garbage-first heap   total 59392K, used 17672K [0x05400000, 0x055000e8, 0x45400000)
  region size 1024K, 1 young (1024K), 0 survivors (0K)
 Metaspace       used 24935K, capacity 26015K, committed 26240K, reserved 27008K
Event: 219012.963 GC heap after
Heap after GC invocations=21219 (full 21169):
 garbage-first heap   total 59392K, used 17672K [0x05400000, 0x055000e8, 0x45400000)
  region size 1024K, 0 young (0K), 0 survivors (0K)
 Metaspace       used 24935K, capacity 26015K, committed 26240K, reserved 27008K
}
Event: 219023.121 GC heap before
{Heap before GC invocations=21219 (full 21169):
 garbage-first heap   total 59392K, used 17672K [0x05400000, 0x055000e8, 0x45400000)
  region size 1024K, 1 young (1024K), 0 survivors (0K)
 Metaspace       used 24935K, capacity 26015K, committed 26240K, reserved 27008K

Deoptimization events (0 events):
No events

Internal exceptions (10 events):
Event: 24.066 Thread 0x4aa8ec00 Exception <a 'java/io/FileNotFoundException'> (0x085017f0) thrown at [C:\workspace\8-2-build-windows-i586-cygwin\jdk8u144\9417\hotspot\src\share\vm\prims\jni.cpp, line 709]
Event: 24.167 Thread 0x4aa8ec00 Exception <a 'sun/nio/fs/WindowsException'> (0x097855d8) thrown at [C:\workspace\8-2-build-windows-i586-cygwin\jdk8u144\9417\hotspot\src\share\vm\prims\jni.cpp, line 709]
Event: 24.170 Thread 0x4aa8ec00 Exception <a 'sun/nio/fs/WindowsException'> (0x097b0a98) thrown at [C:\workspace\8-2-build-windows-i586-cygwin\jdk8u144\9417\hotspot\src\share\vm\prims\jni.cpp, line 709]
Event: 24.172 Thread 0x4aa8ec00 Exception <a 'sun/nio/fs/WindowsException'> (0x097d1ea8) thrown at [C:\workspace\8-2-build-windows-i586-cygwin\jdk8u144\9417\hotspot\src\share\vm\prims\jni.cpp, line 709]
Event: 24.460 Thread 0x49429c00 Exception <a 'java/lang/ArrayIndexOutOfBoundsException'> (0x0962b428) thrown at [C:\workspace\8-2-build-windows-i586-cygwin\jdk8u144\9417\hotspot\src\share\vm\runtime\sharedRuntime.cpp, line 605]
Event: 324.216 Thread 0x49429c00 Exception <a 'java/lang/NoSuchMethodError': <clinit>> (0x08b94fa0) thrown at [C:\workspace\8-2-build-windows-i586-cygwin\jdk8u144\9417\hotspot\src\share\vm\prims\jni.cpp, line 1613]
Event: 324.219 Thread 0x49429c00 Exception <a 'java/lang/NoSuchMethodError': <clinit>> (0x08bbd5e8) thrown at [C:\workspace\8-2-build-windows-i586-cygwin\jdk8u144\9417\hotspot\src\share\vm\prims\jni.cpp, line 1613]
Event: 324.221 Thread 0x49429c00 Exception <a 'java/lang/NoSuchMethodError': <clinit>> (0x08bd8b40) thrown at [C:\workspace\8-2-build-windows-i586-cygwin\jdk8u144\9417\hotspot\src\share\vm\prims\jni.cpp, line 1613]
Event: 324.224 Thread 0x49429c00 Exception <a 'java/lang/NoSuchMethodError': <clinit>> (0x08a00fb0) thrown at [C:\workspace\8-2-build-windows-i586-cygwin\jdk8u144\9417\hotspot\src\share\vm\prims\jni.cpp, line 1613]
Event: 21780.928 Thread 0x4a5d0800 Exception <a 'java/lang/ArrayIndexOutOfBoundsException'> (0x08d9c758) thrown at [C:\workspace\8-2-build-windows-i586-cygwin\jdk8u144\9417\hotspot\src\share\vm\runtime\sharedRuntime.cpp, line 605]

Events (10 events):
Event: 218971.314 Executing VM operation: G1CollectFull done
Event: 218981.477 Executing VM operation: G1CollectFull
Event: 218981.726 Executing VM operation: G1CollectFull done
Event: 218991.883 Executing VM operation: G1CollectFull
Event: 218992.123 Executing VM operation: G1CollectFull done
Event: 219002.284 Executing VM operation: G1CollectFull
Event: 219002.542 Executing VM operation: G1CollectFull done
Event: 219012.715 Executing VM operation: G1CollectFull
Event: 219012.963 Executing VM operation: G1CollectFull done
Event: 219023.121 Executing VM operation: G1CollectFull


Dynamic libraries:
0x00220000 - 0x00253000 	C:\Program Files (x86)\Java\jdk1.8.0_144\bin\java.exe
0x77700000 - 0x77890000 	C:\WINDOWS\SYSTEM32\ntdll.dll
0x77250000 - 0x77330000 	C:\WINDOWS\System32\KERNEL32.DLL
0x77050000 - 0x77234000 	C:\WINDOWS\System32\KERNELBASE.dll
0x663e0000 - 0x6647d000 	C:\WINDOWS\SYSTEM32\apphelp.dll
0x76390000 - 0x76408000 	C:\WINDOWS\System32\ADVAPI32.dll
0x74400000 - 0x744bf000 	C:\WINDOWS\System32\msvcrt.dll
0x74b50000 - 0x74b94000 	C:\WINDOWS\System32\sechost.dll
0x76bf0000 - 0x76cb0000 	C:\WINDOWS\System32\RPCRT4.dll
0x73fc0000 - 0x73fe0000 	C:\WINDOWS\System32\SspiCli.dll
0x73fb0000 - 0x73fba000 	C:\WINDOWS\System32\CRYPTBASE.dll
0x76b10000 - 0x76b68000 	C:\WINDOWS\System32\bcryptPrimitives.dll
0x76cb0000 - 0x76e3d000 	C:\WINDOWS\System32\USER32.dll
0x77470000 - 0x77487000 	C:\WINDOWS\System32\win32u.dll
0x77590000 - 0x775b2000 	C:\WINDOWS\System32\GDI32.dll
0x74970000 - 0x74ad4000 	C:\WINDOWS\System32\gdi32full.dll
0x76b70000 - 0x76bed000 	C:\WINDOWS\System32\msvcp_win.dll
0x769d0000 - 0x76aee000 	C:\WINDOWS\System32\ucrtbase.dll
0x6fc60000 - 0x6fe64000 	C:\WINDOWS\WinSxS\x86_microsoft.windows.common-controls_6595b64144ccf1df_6.0.17134.523_none_42edd4b044e3535c\COMCTL32.dll
0x740e0000 - 0x7433c000 	C:\WINDOWS\System32\combase.dll
0x743d0000 - 0x743f6000 	C:\WINDOWS\System32\IMM32.DLL
0x787f0000 - 0x788af000 	C:\Program Files (x86)\Java\jdk1.8.0_144\jre\bin\msvcr100.dll
0x6ce40000 - 0x6d20e000 	C:\Program Files (x86)\Java\jdk1.8.0_144\jre\bin\client\jvm.dll
0x77240000 - 0x77246000 	C:\WINDOWS\System32\PSAPI.DLL
0x6bcc0000 - 0x6bcc8000 	C:\WINDOWS\SYSTEM32\WSOCK32.dll
0x73fa0000 - 0x73fa8000 	C:\WINDOWS\SYSTEM32\VERSION.dll
0x714d0000 - 0x714f4000 	C:\WINDOWS\SYSTEM32\WINMM.dll
0x74ae0000 - 0x74b47000 	C:\WINDOWS\System32\WS2_32.dll
0x6fff0000 - 0x70013000 	C:\WINDOWS\SYSTEM32\WINMMBASE.dll
0x77420000 - 0x77459000 	C:\WINDOWS\System32\cfgmgr32.dll
0x5cf60000 - 0x5cf6c000 	C:\Program Files (x86)\Java\jdk1.8.0_144\jre\bin\verify.dll
0x02710000 - 0x02731000 	C:\Program Files (x86)\Java\jdk1.8.0_144\jre\bin\java.dll
0x70730000 - 0x70743000 	C:\Program Files (x86)\Java\jdk1.8.0_144\jre\bin\zip.dll
0x74c00000 - 0x75f4a000 	C:\WINDOWS\System32\SHELL32.dll
0x74340000 - 0x743c8000 	C:\WINDOWS\System32\shcore.dll
0x76410000 - 0x769ca000 	C:\WINDOWS\System32\windows.storage.dll
0x74560000 - 0x745a5000 	C:\WINDOWS\System32\shlwapi.dll
0x77460000 - 0x7746f000 	C:\WINDOWS\System32\kernel.appcore.dll
0x76af0000 - 0x76b08000 	C:\WINDOWS\System32\profapi.dll
0x74920000 - 0x74965000 	C:\WINDOWS\System32\powrprof.dll
0x77410000 - 0x77418000 	C:\WINDOWS\System32\FLTLIB.DLL
0x73f80000 - 0x73f93000 	C:\WINDOWS\SYSTEM32\CRYPTSP.dll
0x73f50000 - 0x73f7f000 	C:\WINDOWS\system32\rsaenh.dll
0x73f30000 - 0x73f49000 	C:\WINDOWS\SYSTEM32\bcrypt.dll
0x733b0000 - 0x733d1000 	C:\WINDOWS\SYSTEM32\USERENV.dll
0x6f6b0000 - 0x6f6c6000 	C:\Program Files (x86)\Java\jdk1.8.0_144\jre\bin\net.dll
0x6dfc0000 - 0x6e016000 	C:\WINDOWS\system32\mswsock.dll
0x73890000 - 0x738c0000 	C:\WINDOWS\SYSTEM32\IPHLPAPI.DLL
0x744c0000 - 0x744c7000 	C:\WINDOWS\System32\NSI.dll
0x6cbd0000 - 0x6cbe3000 	C:\WINDOWS\SYSTEM32\dhcpcsvc6.DLL
0x6e620000 - 0x6e634000 	C:\WINDOWS\SYSTEM32\dhcpcsvc.DLL
0x5c270000 - 0x5c27f000 	C:\Program Files (x86)\Java\jdk1.8.0_144\jre\bin\nio.dll
0x51560000 - 0x51580000 	C:\Program Files (x86)\Java\jdk1.8.0_144\jre\bin\sunec.dll
0x5d020000 - 0x5d029000 	C:\Program Files (x86)\Java\jdk1.8.0_144\jre\bin\sunmscapi.dll
0x74700000 - 0x74896000 	C:\WINDOWS\System32\CRYPT32.dll
0x75f50000 - 0x75f5e000 	C:\WINDOWS\System32\MSASN1.dll
0x70b80000 - 0x70c0e000 	C:\WINDOWS\SYSTEM32\DNSAPI.dll
0x6cb70000 - 0x6cb78000 	C:\Windows\System32\rasadhlp.dll
0x6cb80000 - 0x6cbcf000 	C:\WINDOWS\System32\fwpuclnt.dll

VM Arguments:
jvm_args: -Declipse.application=org.eclipse.jdt.ls.core.id1 -Dosgi.bundles.defaultStartLevel=4 -Declipse.product=org.eclipse.jdt.ls.core.product -Dfile.encoding=utf8 -Xverify:none -Xmx1G -XX:+UseG1GC -XX:+UseStringDeduplication 
java_command: C:\Users\Ricardo\.vscode\extensions\redhat.java-0.40.0\server\plugins\org.eclipse.equinox.launcher_1.5.200.v20180922-1751.jar -configuration C:\Users\Ricardo\.vscode\extensions\redhat.java-0.40.0\server\config_win -data c:\Users\Ricardo\AppData\Roaming\Code\User\workspaceStorage\d457f35f177e7d111fb2d6693e187864\redhat.java\jdt_ws
java_class_path (initial): C:\Users\Ricardo\.vscode\extensions\redhat.java-0.40.0\server\plugins\org.eclipse.equinox.launcher_1.5.200.v20180922-1751.jar
Launcher Type: SUN_STANDARD

Environment Variables:
JAVA_HOME=C:\Program Files (x86)\Java\jdk1.8.0_144
JRE_HOME=C:\Program Files (x86)\Java\jre1.8.0_144
PATH=C:\ProgramData\Oracle\Java\javapath;C:\Program Files (x86)\Intel\iCLS Client\;C:\Program Files\Intel\iCLS Client\;C:\Windows\system32;C:\Windows;C:\Windows\System32\Wbem;C:\Windows\System32\WindowsPowerShell\v1.0\;C:\Program Files (x86)\NVIDIA Corporation\PhysX\Common;C:\Program Files (x86)\Intel\Intel(R) Management Engine Components\DAL;C:\Program Files\Intel\Intel(R) Management Engine Components\DAL;C:\Program Files (x86)\Intel\Intel(R) Management Engine Components\IPT;C:\Program Files\Intel\Intel(R) Management Engine Components\IPT;C:\Program Files\Intel\WiFi\bin\;C:\Program Files\Common Files\Intel\WirelessCommon\;C:\WINDOWS\system32;C:\WINDOWS;C:\WINDOWS\System32\Wbem;C:\WINDOWS\System32\WindowsPowerShell\v1.0\;C:\Program Files\LLVM\bin;C:\Program Files (x86)\Java\jdk1.8.0_144;C:\Program Files (x86)\Java\jdk1.8.0_144\bin;C:\Program Files (x86)\Java\jre1.8.0_144;C:\WINDOWS\System32\OpenSSH\;C:\Program Files\apache-maven-3.5.3\bin;E:\Study\Software\Nodejs\;C:\Program Files\Git\cmd;C:\Program Files\dotnet\;C:\Program Files\Microsoft VS Code\bin;C:\Users\Ricardo\AppData\Local\Microsoft\WindowsApps;;C:\Program Files\Microsoft VS Code\bin;C:\Users\Ricardo\AppData\Roaming\npm
USERNAME=Ricardo
OS=Windows_NT
PROCESSOR_IDENTIFIER=Intel64 Family 6 Model 158 Stepping 9, GenuineIntel



---------------  S Y S T E M  ---------------

OS:Failed to allocate version_info

CPU:total 8 (initial active 8) (4 cores per cpu, 2 threads per core) family 6 model 158 stepping 9, cmov, cx8, fxsr, mmx, sse, sse2, sse3, ssse3, sse4.1, sse4.2, popcnt, avx, avx2, aes, clmul, erms, 3dnowpref, lzcnt, ht, tsc, tscinvbit, bmi1, bmi2, adx

Memory: 4k page, physical 16653676k(8195256k free), swap 30256984k(4088488k free)

vm_info: Java HotSpot(TM) Client VM (25.144-b01) for windows-x86 JRE (1.8.0_144-b01), built on Jul 21 2017 21:58:05 by "java_re" with MS VC++ 10.0 (VS2010)

time: Sun Mar 17 15:28:19 2019
elapsed time: 219023 seconds (2d 12h 50m 23s)

